[2018-09-24 13:42:11] production.ERROR: No application encryption key has been specified. {"exception":"[object] (RuntimeException(code: 0): No application encryption key has been specified. at /storage/ssd4/232/7160232/public_html/vendor/laravel/framework/src/Illuminate/Encryption/EncryptionServiceProvider.php:42)
[stacktrace]
#0 /storage/ssd4/232/7160232/public_html/vendor/laravel/framework/src/Illuminate/Support/helpers.php(1023): Illuminate\\Encryption\\EncryptionServiceProvider->Illuminate\\Encryption\\{closure}(NULL)
#1 /storage/ssd4/232/7160232/public_html/vendor/laravel/framework/src/Illuminate/Encryption/EncryptionServiceProvider.php(46): tap(NULL, Object(Closure))
#2 /storage/ssd4/232/7160232/public_html/vendor/laravel/framework/src/Illuminate/Encryption/EncryptionServiceProvider.php(24): Illuminate\\Encryption\\EncryptionServiceProvider->key(Array)
#3 /storage/ssd4/232/7160232/public_html/vendor/laravel/framework/src/Illuminate/Container/Container.php(764): Illuminate\\Encryption\\EncryptionServiceProvider->Illuminate\\Encryption\\{closure}(Object(Illuminate\\Foundation\\Application), Array)
#4 /storage/ssd4/232/7160232/public_html/vendor/laravel/framework/src/Illuminate/Container/Container.php(646): Illuminate\\Container\\Container->build(Object(Closure))
#5 /storage/ssd4/232/7160232/public_html/vendor/laravel/framework/src/Illuminate/Container/Container.php(601): Illuminate\\Container\\Container->resolve('encrypter', Array)
#6 /storage/ssd4/232/7160232/public_html/vendor/laravel/framework/src/Illuminate/Foundation/Application.php(733): Illuminate\\Container\\Container->make('encrypter', Array)
#7 /storage/ssd4/232/7160232/public_html/vendor/laravel/framework/src/Illuminate/Container/Container.php(900): Illuminate\\Foundation\\Application->make('encrypter')
#8 /storage/ssd4/232/7160232/public_html/vendor/laravel/framework/src/Illuminate/Container/Container.php(828): Illuminate\\Container\\Container->resolveClass(Object(ReflectionParameter))
#9 /storage/ssd4/232/7160232/public_html/vendor/laravel/framework/src/Illuminate/Container/Container.php(795): Illuminate\\Container\\Container->resolveDependencies(Array)
#10 /storage/ssd4/232/7160232/public_html/vendor/laravel/framework/src/Illuminate/Container/Container.php(646): Illuminate\\Container\\Container->build('App\\\\Http\\\\Middle...')
#11 /storage/ssd4/232/7160232/public_html/vendor/laravel/framework/src/Illuminate/Container/Container.php(601): Illuminate\\Container\\Container->resolve('App\\\\Http\\\\Middle...', Array)
#12 /storage/ssd4/232/7160232/public_html/vendor/laravel/framework/src/Illuminate/Foundation/Application.php(733): Illuminate\\Container\\Container->make('App\\\\Http\\\\Middle...', Array)
#13 /storage/ssd4/232/7160232/public_html/vendor/laravel/framework/src/Illuminate/Pipeline/Pipeline.php(140): Illuminate\\Foundation\\Application->make('App\\\\Http\\\\Middle...')
#14 /storage/ssd4/232/7160232/public_html/vendor/laravel/framework/src/Illuminate/Routing/Pipeline.php(53): Illuminate\\Pipeline\\Pipeline->Illuminate\\Pipeline\\{closure}(Object(Illuminate\\Http\\Request))
#15 /storage/ssd4/232/7160232/public_html/vendor/laravel/framework/src/Illuminate/Pipeline/Pipeline.php(104): Illuminate\\Routing\\Pipeline->Illuminate\\Routing\\{closure}(Object(Illuminate\\Http\\Request))
#16 /storage/ssd4/232/7160232/public_html/vendor/laravel/framework/src/Illuminate/Routing/Router.php(681): Illuminate\\Pipeline\\Pipeline->then(Object(Closure))
#17 /storage/ssd4/232/7160232/public_html/vendor/laravel/framework/src/Illuminate/Routing/Router.php(656): Illuminate\\Routing\\Router->runRouteWithinStack(Object(Illuminate\\Routing\\Route), Object(Illuminate\\Http\\Request))
#18 /storage/ssd4/232/7160232/public_html/vendor/laravel/framework/src/Illuminate/Routing/Router.php(622): Illuminate\\Routing\\Router->runRoute(Object(Illuminate\\Http\\Request), Object(Illuminate\\Routing\\Route))
#19 /storage/ssd4/232/7160232/public_html/vendor/laravel/framework/src/Illuminate/Routing/Router.php(611): Illuminate\\Routing\\Router->dispatchToRoute(Object(Illuminate\\Http\\Request))
#20 /storage/ssd4/232/7160232/public_html/vendor/laravel/framework/src/Illuminate/Foundation/Http/Kernel.php(176): Illuminate\\Routing\\Router->dispatch(Object(Illuminate\\Http\\Request))
#21 /storage/ssd4/232/7160232/public_html/vendor/laravel/framework/src/Illuminate/Routing/Pipeline.php(30): Illuminate\\Foundation\\Http\\Kernel->Illuminate\\Foundation\\Http\\{closure}(Object(Illuminate\\Http\\Request))
#22 /storage/ssd4/232/7160232/public_html/vendor/fideloper/proxy/src/TrustProxies.php(57): Illuminate\\Routing\\Pipeline->Illuminate\\Routing\\{closure}(Object(Illuminate\\Http\\Request))
#23 /storage/ssd4/232/7160232/public_html/vendor/laravel/framework/src/Illuminate/Pipeline/Pipeline.php(151): Fideloper\\Proxy\\TrustProxies->handle(Object(Illuminate\\Http\\Request), Object(Closure))
#24 /storage/ssd4/232/7160232/public_html/vendor/laravel/framework/src/Illuminate/Routing/Pipeline.php(53): Illuminate\\Pipeline\\Pipeline->Illuminate\\Pipeline\\{closure}(Object(Illuminate\\Http\\Request))
#25 /storage/ssd4/232/7160232/public_html/vendor/laravel/framework/src/Illuminate/Foundation/Http/Middleware/TransformsRequest.php(31): Illuminate\\Routing\\Pipeline->Illuminate\\Routing\\{closure}(Object(Illuminate\\Http\\Request))
#26 /storage/ssd4/232/7160232/public_html/vendor/laravel/framework/src/Illuminate/Pipeline/Pipeline.php(151): Illuminate\\Foundation\\Http\\Middleware\\TransformsRequest->handle(Object(Illuminate\\Http\\Request), Object(Closure))
#27 /storage/ssd4/232/7160232/public_html/vendor/laravel/framework/src/Illuminate/Routing/Pipeline.php(53): Illuminate\\Pipeline\\Pipeline->Illuminate\\Pipeline\\{closure}(Object(Illuminate\\Http\\Request))
#28 /storage/ssd4/232/7160232/public_html/vendor/laravel/framework/src/Illuminate/Foundation/Http/Middleware/TransformsRequest.php(31): Illuminate\\Routing\\Pipeline->Illuminate\\Routing\\{closure}(Object(Illuminate\\Http\\Request))
#29 /storage/ssd4/232/7160232/public_html/vendor/laravel/framework/src/Illuminate/Pipeline/Pipeline.php(151): Illuminate\\Foundation\\Http\\Middleware\\TransformsRequest->handle(Object(Illuminate\\Http\\Request), Object(Closure))
#30 /storage/ssd4/232/7160232/public_html/vendor/laravel/framework/src/Illuminate/Routing/Pipeline.php(53): Illuminate\\Pipeline\\Pipeline->Illuminate\\Pipeline\\{closure}(Object(Illuminate\\Http\\Request))
#31 /storage/ssd4/232/7160232/public_html/vendor/laravel/framework/src/Illuminate/Foundation/Http/Middleware/ValidatePostSize.php(27): Illuminate\\Routing\\Pipeline->Illuminate\\Routing\\{closure}(Object(Illuminate\\Http\\Request))
#32 /storage/ssd4/232/7160232/public_html/vendor/laravel/framework/src/Illuminate/Pipeline/Pipeline.php(151): Illuminate\\Foundation\\Http\\Middleware\\ValidatePostSize->handle(Object(Illuminate\\Http\\Request), Object(Closure))
#33 /storage/ssd4/232/7160232/public_html/vendor/laravel/framework/src/Illuminate/Routing/Pipeline.php(53): Illuminate\\Pipeline\\Pipeline->Illuminate\\Pipeline\\{closure}(Object(Illuminate\\Http\\Request))
#34 /storage/ssd4/232/7160232/public_html/vendor/laravel/framework/src/Illuminate/Foundation/Http/Middleware/CheckForMaintenanceMode.php(62): Illuminate\\Routing\\Pipeline->Illuminate\\Routing\\{closure}(Object(Illuminate\\Http\\Request))
#35 /storage/ssd4/232/7160232/public_html/vendor/laravel/framework/src/Illuminate/Pipeline/Pipeline.php(151): Illuminate\\Foundation\\Http\\Middleware\\CheckForMaintenanceMode->handle(Object(Illuminate\\Http\\Request), Object(Closure))
#36 /storage/ssd4/232/7160232/public_html/vendor/laravel/framework/src/Illuminate/Routing/Pipeline.php(53): Illuminate\\Pipeline\\Pipeline->Illuminate\\Pipeline\\{closure}(Object(Illuminate\\Http\\Request))
#37 /storage/ssd4/232/7160232/public_html/vendor/laravel/framework/src/Illuminate/Pipeline/Pipeline.php(104): Illuminate\\Routing\\Pipeline->Illuminate\\Routing\\{closure}(Object(Illuminate\\Http\\Request))
#38 /storage/ssd4/232/7160232/public_html/vendor/laravel/framework/src/Illuminate/Foundation/Http/Kernel.php(151): Illuminate\\Pipeline\\Pipeline->then(Object(Closure))
#39 /storage/ssd4/232/7160232/public_html/vendor/laravel/framework/src/Illuminate/Foundation/Http/Kernel.php(116): Illuminate\\Foundation\\Http\\Kernel->sendRequestThroughRouter(Object(Illuminate\\Http\\Request))
#40 /storage/ssd4/232/7160232/public_html/public/index.php(55): Illuminate\\Foundation\\Http\\Kernel->handle(Object(Illuminate\\Http\\Request))
#41 /storage/ssd4/232/7160232/public_html/index.php(21): require_once('/storage/ssd4/2...')
#42 {main}
"} 
[2018-09-24 13:42:11] production.ERROR: SQLSTATE[HY000] [2002] Connection refused (SQL: select * from `cauhinhchungs` where `slug` = intro-website limit 1) (View: /storage/ssd4/232/7160232/public_html/resources/views/layouts/error/main.blade.php) (View: /storage/ssd4/232/7160232/public_html/resources/views/layouts/error/main.blade.php) {"exception":"[object] (ErrorException(code: 0): SQLSTATE[HY000] [2002] Connection refused (SQL: select * from `cauhinhchungs` where `slug` = intro-website limit 1) (View: /storage/ssd4/232/7160232/public_html/resources/views/layouts/error/main.blade.php) (View: /storage/ssd4/232/7160232/public_html/resources/views/layouts/error/main.blade.php) at /storage/ssd4/232/7160232/public_html/vendor/laravel/framework/src/Illuminate/Database/Connection.php:664, ErrorException(code: 0): SQLSTATE[HY000] [2002] Connection refused (SQL: select * from `cauhinhchungs` where `slug` = intro-website limit 1) (View: /storage/ssd4/232/7160232/public_html/resources/views/layouts/error/main.blade.php) at /storage/ssd4/232/7160232/public_html/vendor/laravel/framework/src/Illuminate/Database/Connection.php:664, Illuminate\\Database\\QueryException(code: 2002): SQLSTATE[HY000] [2002] Connection refused (SQL: select * from `cauhinhchungs` where `slug` = intro-website limit 1) at /storage/ssd4/232/7160232/public_html/vendor/laravel/framework/src/Illuminate/Database/Connection.php:664, PDOException(code: 2002): SQLSTATE[HY000] [2002] Connection refused at /storage/ssd4/232/7160232/public_html/vendor/laravel/framework/src/Illuminate/Database/Connectors/Connector.php:68)
[stacktrace]
#0 /storage/ssd4/232/7160232/public_html/vendor/laravel/framework/src/Illuminate/View/Engines/PhpEngine.php(45): Illuminate\\View\\Engines\\CompilerEngine->handleViewException(Object(ErrorException), 0)
#1 /storage/ssd4/232/7160232/public_html/vendor/laravel/framework/src/Illuminate/View/Engines/CompilerEngine.php(59): Illuminate\\View\\Engines\\PhpEngine->evaluatePath('/storage/ssd4/2...', Array)
#2 /storage/ssd4/232/7160232/public_html/vendor/laravel/framework/src/Illuminate/View/View.php(142): Illuminate\\View\\Engines\\CompilerEngine->get('/storage/ssd4/2...', Array)
#3 /storage/ssd4/232/7160232/public_html/vendor/laravel/framework/src/Illuminate/View/View.php(125): Illuminate\\View\\View->getContents()
#4 /storage/ssd4/232/7160232/public_html/vendor/laravel/framework/src/Illuminate/View/View.php(90): Illuminate\\View\\View->renderContents()
#5 /storage/ssd4/232/7160232/public_html/vendor/laravel/framework/src/Illuminate/Http/Response.php(42): Illuminate\\View\\View->render()
#6 /storage/ssd4/232/7160232/public_html/vendor/symfony/http-foundation/Response.php(202): Illuminate\\Http\\Response->setContent(Object(Illuminate\\View\\View))
#7 /storage/ssd4/232/7160232/public_html/vendor/laravel/framework/src/Illuminate/Routing/ResponseFactory.php(55): Symfony\\Component\\HttpFoundation\\Response->__construct(Object(Illuminate\\View\\View), 500, Array)
#8 /storage/ssd4/232/7160232/public_html/vendor/laravel/framework/src/Illuminate/Routing/ResponseFactory.php(81): Illuminate\\Routing\\ResponseFactory->make(Object(Illuminate\\View\\View), 500, Array)
#9 /storage/ssd4/232/7160232/public_html/vendor/laravel/framework/src/Illuminate/Foundation/Exceptions/Handler.php(380): Illuminate\\Routing\\ResponseFactory->view('errors::500', Array, 500, Array)
#10 /storage/ssd4/232/7160232/public_html/vendor/laravel/framework/src/Illuminate/Foundation/Exceptions/Handler.php(289): Illuminate\\Foundation\\Exceptions\\Handler->renderHttpException(Object(Symfony\\Component\\HttpKernel\\Exception\\HttpException))
#11 /storage/ssd4/232/7160232/public_html/vendor/laravel/framework/src/Illuminate/Foundation/Exceptions/Handler.php(188): Illuminate\\Foundation\\Exceptions\\Handler->prepareResponse(Object(Illuminate\\Http\\Request), Object(Symfony\\Component\\HttpKernel\\Exception\\HttpException))
#12 /storage/ssd4/232/7160232/public_html/app/Exceptions/Handler.php(49): Illuminate\\Foundation\\Exceptions\\Handler->render(Object(Illuminate\\Http\\Request), Object(RuntimeException))
#13 /storage/ssd4/232/7160232/public_html/vendor/laravel/framework/src/Illuminate/Routing/Pipeline.php(83): App\\Exceptions\\Handler->render(Object(Illuminate\\Http\\Request), Object(RuntimeException))
#14 /storage/ssd4/232/7160232/public_html/vendor/laravel/framework/src/Illuminate/Routing/Pipeline.php(55): Illuminate\\Routing\\Pipeline->handleException(Object(Illuminate\\Http\\Request), Object(RuntimeException))
#15 /storage/ssd4/232/7160232/public_html/vendor/laravel/framework/src/Illuminate/Pipeline/Pipeline.php(104): Illuminate\\Routing\\Pipeline->Illuminate\\Routing\\{closure}(Object(Illuminate\\Http\\Request))
#16 /storage/ssd4/232/7160232/public_html/vendor/laravel/framework/src/Illuminate/Routing/Router.php(681): Illuminate\\Pipeline\\Pipeline->then(Object(Closure))
#17 /storage/ssd4/232/7160232/public_html/vendor/laravel/framework/src/Illuminate/Routing/Router.php(656): Illuminate\\Routing\\Router->runRouteWithinStack(Object(Illuminate\\Routing\\Route), Object(Illuminate\\Http\\Request))
#18 /storage/ssd4/232/7160232/public_html/vendor/laravel/framework/src/Illuminate/Routing/Router.php(622): Illuminate\\Routing\\Router->runRoute(Object(Illuminate\\Http\\Request), Object(Illuminate\\Routing\\Route))
#19 /storage/ssd4/232/7160232/public_html/vendor/laravel/framework/src/Illuminate/Routing/Router.php(611): Illuminate\\Routing\\Router->dispatchToRoute(Object(Illuminate\\Http\\Request))
#20 /storage/ssd4/232/7160232/public_html/vendor/laravel/framework/src/Illuminate/Foundation/Http/Kernel.php(176): Illuminate\\Routing\\Router->dispatch(Object(Illuminate\\Http\\Request))
#21 /storage/ssd4/232/7160232/public_html/vendor/laravel/framework/src/Illuminate/Routing/Pipeline.php(30): Illuminate\\Foundation\\Http\\Kernel->Illuminate\\Foundation\\Http\\{closure}(Object(Illuminate\\Http\\Request))
#22 /storage/ssd4/232/7160232/public_html/vendor/fideloper/proxy/src/TrustProxies.php(57): Illuminate\\Routing\\Pipeline->Illuminate\\Routing\\{closure}(Object(Illuminate\\Http\\Request))
#23 /storage/ssd4/232/7160232/public_html/vendor/laravel/framework/src/Illuminate/Pipeline/Pipeline.php(151): Fideloper\\Proxy\\TrustProxies->handle(Object(Illuminate\\Http\\Request), Object(Closure))
#24 /storage/ssd4/232/7160232/public_html/vendor/laravel/framework/src/Illuminate/Routing/Pipeline.php(53): Illuminate\\Pipeline\\Pipeline->Illuminate\\Pipeline\\{closure}(Object(Illuminate\\Http\\Request))
#25 /storage/ssd4/232/7160232/public_html/vendor/laravel/framework/src/Illuminate/Foundation/Http/Middleware/TransformsRequest.php(31): Illuminate\\Routing\\Pipeline->Illuminate\\Routing\\{closure}(Object(Illuminate\\Http\\Request))
#26 /storage/ssd4/232/7160232/public_html/vendor/laravel/framework/src/Illuminate/Pipeline/Pipeline.php(151): Illuminate\\Foundation\\Http\\Middleware\\TransformsRequest->handle(Object(Illuminate\\Http\\Request), Object(Closure))
#27 /storage/ssd4/232/7160232/public_html/vendor/laravel/framework/src/Illuminate/Routing/Pipeline.php(53): Illuminate\\Pipeline\\Pipeline->Illuminate\\Pipeline\\{closure}(Object(Illuminate\\Http\\Request))
#28 /storage/ssd4/232/7160232/public_html/vendor/laravel/framework/src/Illuminate/Foundation/Http/Middleware/TransformsRequest.php(31): Illuminate\\Routing\\Pipeline->Illuminate\\Routing\\{closure}(Object(Illuminate\\Http\\Request))
#29 /storage/ssd4/232/7160232/public_html/vendor/laravel/framework/src/Illuminate/Pipeline/Pipeline.php(151): Illuminate\\Foundation\\Http\\Middleware\\TransformsRequest->handle(Object(Illuminate\\Http\\Request), Object(Closure))
#30 /storage/ssd4/232/7160232/public_html/vendor/laravel/framework/src/Illuminate/Routing/Pipeline.php(53): Illuminate\\Pipeline\\Pipeline->Illuminate\\Pipeline\\{closure}(Object(Illuminate\\Http\\Request))
#31 /storage/ssd4/232/7160232/public_html/vendor/laravel/framework/src/Illuminate/Foundation/Http/Middleware/ValidatePostSize.php(27): Illuminate\\Routing\\Pipeline->Illuminate\\Routing\\{closure}(Object(Illuminate\\Http\\Request))
#32 /storage/ssd4/232/7160232/public_html/vendor/laravel/framework/src/Illuminate/Pipeline/Pipeline.php(151): Illuminate\\Foundation\\Http\\Middleware\\ValidatePostSize->handle(Object(Illuminate\\Http\\Request), Object(Closure))
#33 /storage/ssd4/232/7160232/public_html/vendor/laravel/framework/src/Illuminate/Routing/Pipeline.php(53): Illuminate\\Pipeline\\Pipeline->Illuminate\\Pipeline\\{closure}(Object(Illuminate\\Http\\Request))
#34 /storage/ssd4/232/7160232/public_html/vendor/laravel/framework/src/Illuminate/Foundation/Http/Middleware/CheckForMaintenanceMode.php(62): Illuminate\\Routing\\Pipeline->Illuminate\\Routing\\{closure}(Object(Illuminate\\Http\\Request))
#35 /storage/ssd4/232/7160232/public_html/vendor/laravel/framework/src/Illuminate/Pipeline/Pipeline.php(151): Illuminate\\Foundation\\Http\\Middleware\\CheckForMaintenanceMode->handle(Object(Illuminate\\Http\\Request), Object(Closure))
#36 /storage/ssd4/232/7160232/public_html/vendor/laravel/framework/src/Illuminate/Routing/Pipeline.php(53): Illuminate\\Pipeline\\Pipeline->Illuminate\\Pipeline\\{closure}(Object(Illuminate\\Http\\Request))
#37 /storage/ssd4/232/7160232/public_html/vendor/laravel/framework/src/Illuminate/Pipeline/Pipeline.php(104): Illuminate\\Routing\\Pipeline->Illuminate\\Routing\\{closure}(Object(Illuminate\\Http\\Request))
#38 /storage/ssd4/232/7160232/public_html/vendor/laravel/framework/src/Illuminate/Foundation/Http/Kernel.php(151): Illuminate\\Pipeline\\Pipeline->then(Object(Closure))
#39 /storage/ssd4/232/7160232/public_html/vendor/laravel/framework/src/Illuminate/Foundation/Http/Kernel.php(116): Illuminate\\Foundation\\Http\\Kernel->sendRequestThroughRouter(Object(Illuminate\\Http\\Request))
#40 /storage/ssd4/232/7160232/public_html/public/index.php(55): Illuminate\\Foundation\\Http\\Kernel->handle(Object(Illuminate\\Http\\Request))
#41 /storage/ssd4/232/7160232/public_html/index.php(21): require_once('/storage/ssd4/2...')
#42 {main}
"} 
[2018-09-24 13:42:11] production.ERROR: SQLSTATE[HY000] [2002] Connection refused (SQL: select * from `cauhinhchungs` where `slug` = intro-website limit 1) (View: /storage/ssd4/232/7160232/public_html/resources/views/layouts/error/main.blade.php) (View: /storage/ssd4/232/7160232/public_html/resources/views/layouts/error/main.blade.php) {"exception":"[object] (ErrorException(code: 0): SQLSTATE[HY000] [2002] Connection refused (SQL: select * from `cauhinhchungs` where `slug` = intro-website limit 1) (View: /storage/ssd4/232/7160232/public_html/resources/views/layouts/error/main.blade.php) (View: /storage/ssd4/232/7160232/public_html/resources/views/layouts/error/main.blade.php) at /storage/ssd4/232/7160232/public_html/vendor/laravel/framework/src/Illuminate/Database/Connection.php:664, ErrorException(code: 0): SQLSTATE[HY000] [2002] Connection refused (SQL: select * from `cauhinhchungs` where `slug` = intro-website limit 1) (View: /storage/ssd4/232/7160232/public_html/resources/views/layouts/error/main.blade.php) at /storage/ssd4/232/7160232/public_html/vendor/laravel/framework/src/Illuminate/Database/Connection.php:664, Illuminate\\Database\\QueryException(code: 2002): SQLSTATE[HY000] [2002] Connection refused (SQL: select * from `cauhinhchungs` where `slug` = intro-website limit 1) at /storage/ssd4/232/7160232/public_html/vendor/laravel/framework/src/Illuminate/Database/Connection.php:664, PDOException(code: 2002): SQLSTATE[HY000] [2002] Connection refused at /storage/ssd4/232/7160232/public_html/vendor/laravel/framework/src/Illuminate/Database/Connectors/Connector.php:68)
[stacktrace]
#0 /storage/ssd4/232/7160232/public_html/vendor/laravel/framework/src/Illuminate/View/Engines/PhpEngine.php(45): Illuminate\\View\\Engines\\CompilerEngine->handleViewException(Object(ErrorException), 0)
#1 /storage/ssd4/232/7160232/public_html/vendor/laravel/framework/src/Illuminate/View/Engines/CompilerEngine.php(59): Illuminate\\View\\Engines\\PhpEngine->evaluatePath('/storage/ssd4/2...', Array)
#2 /storage/ssd4/232/7160232/public_html/vendor/laravel/framework/src/Illuminate/View/View.php(142): Illuminate\\View\\Engines\\CompilerEngine->get('/storage/ssd4/2...', Array)
#3 /storage/ssd4/232/7160232/public_html/vendor/laravel/framework/src/Illuminate/View/View.php(125): Illuminate\\View\\View->getContents()
#4 /storage/ssd4/232/7160232/public_html/vendor/laravel/framework/src/Illuminate/View/View.php(90): Illuminate\\View\\View->renderContents()
#5 /storage/ssd4/232/7160232/public_html/vendor/laravel/framework/src/Illuminate/Http/Response.php(42): Illuminate\\View\\View->render()
#6 /storage/ssd4/232/7160232/public_html/vendor/symfony/http-foundation/Response.php(202): Illuminate\\Http\\Response->setContent(Object(Illuminate\\View\\View))
#7 /storage/ssd4/232/7160232/public_html/vendor/laravel/framework/src/Illuminate/Routing/ResponseFactory.php(55): Symfony\\Component\\HttpFoundation\\Response->__construct(Object(Illuminate\\View\\View), 500, Array)
#8 /storage/ssd4/232/7160232/public_html/vendor/laravel/framework/src/Illuminate/Routing/ResponseFactory.php(81): Illuminate\\Routing\\ResponseFactory->make(Object(Illuminate\\View\\View), 500, Array)
#9 /storage/ssd4/232/7160232/public_html/vendor/laravel/framework/src/Illuminate/Foundation/Exceptions/Handler.php(380): Illuminate\\Routing\\ResponseFactory->view('errors::500', Array, 500, Array)
#10 /storage/ssd4/232/7160232/public_html/vendor/laravel/framework/src/Illuminate/Foundation/Exceptions/Handler.php(289): Illuminate\\Foundation\\Exceptions\\Handler->renderHttpException(Object(Symfony\\Component\\HttpKernel\\Exception\\HttpException))
#11 /storage/ssd4/232/7160232/public_html/vendor/laravel/framework/src/Illuminate/Foundation/Exceptions/Handler.php(188): Illuminate\\Foundation\\Exceptions\\Handler->prepareResponse(Object(Illuminate\\Http\\Request), Object(Symfony\\Component\\HttpKernel\\Exception\\HttpException))
#12 /storage/ssd4/232/7160232/public_html/app/Exceptions/Handler.php(49): Illuminate\\Foundation\\Exceptions\\Handler->render(Object(Illuminate\\Http\\Request), Object(ErrorException))
#13 /storage/ssd4/232/7160232/public_html/vendor/laravel/framework/src/Illuminate/Routing/Pipeline.php(83): App\\Exceptions\\Handler->render(Object(Illuminate\\Http\\Request), Object(ErrorException))
#14 /storage/ssd4/232/7160232/public_html/vendor/laravel/framework/src/Illuminate/Routing/Pipeline.php(32): Illuminate\\Routing\\Pipeline->handleException(Object(Illuminate\\Http\\Request), Object(ErrorException))
#15 /storage/ssd4/232/7160232/public_html/vendor/fideloper/proxy/src/TrustProxies.php(57): Illuminate\\Routing\\Pipeline->Illuminate\\Routing\\{closure}(Object(Illuminate\\Http\\Request))
#16 /storage/ssd4/232/7160232/public_html/vendor/laravel/framework/src/Illuminate/Pipeline/Pipeline.php(151): Fideloper\\Proxy\\TrustProxies->handle(Object(Illuminate\\Http\\Request), Object(Closure))
#17 /storage/ssd4/232/7160232/public_html/vendor/laravel/framework/src/Illuminate/Routing/Pipeline.php(53): Illuminate\\Pipeline\\Pipeline->Illuminate\\Pipeline\\{closure}(Object(Illuminate\\Http\\Request))
#18 /storage/ssd4/232/7160232/public_html/vendor/laravel/framework/src/Illuminate/Foundation/Http/Middleware/TransformsRequest.php(31): Illuminate\\Routing\\Pipeline->Illuminate\\Routing\\{closure}(Object(Illuminate\\Http\\Request))
#19 /storage/ssd4/232/7160232/public_html/vendor/laravel/framework/src/Illuminate/Pipeline/Pipeline.php(151): Illuminate\\Foundation\\Http\\Middleware\\TransformsRequest->handle(Object(Illuminate\\Http\\Request), Object(Closure))
#20 /storage/ssd4/232/7160232/public_html/vendor/laravel/framework/src/Illuminate/Routing/Pipeline.php(53): Illuminate\\Pipeline\\Pipeline->Illuminate\\Pipeline\\{closure}(Object(Illuminate\\Http\\Request))
#21 /storage/ssd4/232/7160232/public_html/vendor/laravel/framework/src/Illuminate/Foundation/Http/Middleware/TransformsRequest.php(31): Illuminate\\Routing\\Pipeline->Illuminate\\Routing\\{closure}(Object(Illuminate\\Http\\Request))
#22 /storage/ssd4/232/7160232/public_html/vendor/laravel/framework/src/Illuminate/Pipeline/Pipeline.php(151): Illuminate\\Foundation\\Http\\Middleware\\TransformsRequest->handle(Object(Illuminate\\Http\\Request), Object(Closure))
#23 /storage/ssd4/232/7160232/public_html/vendor/laravel/framework/src/Illuminate/Routing/Pipeline.php(53): Illuminate\\Pipeline\\Pipeline->Illuminate\\Pipeline\\{closure}(Object(Illuminate\\Http\\Request))
#24 /storage/ssd4/232/7160232/public_html/vendor/laravel/framework/src/Illuminate/Foundation/Http/Middleware/ValidatePostSize.php(27): Illuminate\\Routing\\Pipeline->Illuminate\\Routing\\{closure}(Object(Illuminate\\Http\\Request))
#25 /storage/ssd4/232/7160232/public_html/vendor/laravel/framework/src/Illuminate/Pipeline/Pipeline.php(151): Illuminate\\Foundation\\Http\\Middleware\\ValidatePostSize->handle(Object(Illuminate\\Http\\Request), Object(Closure))
#26 /storage/ssd4/232/7160232/public_html/vendor/laravel/framework/src/Illuminate/Routing/Pipeline.php(53): Illuminate\\Pipeline\\Pipeline->Illuminate\\Pipeline\\{closure}(Object(Illuminate\\Http\\Request))
#27 /storage/ssd4/232/7160232/public_html/vendor/laravel/framework/src/Illuminate/Foundation/Http/Middleware/CheckForMaintenanceMode.php(62): Illuminate\\Routing\\Pipeline->Illuminate\\Routing\\{closure}(Object(Illuminate\\Http\\Request))
#28 /storage/ssd4/232/7160232/public_html/vendor/laravel/framework/src/Illuminate/Pipeline/Pipeline.php(151): Illuminate\\Foundation\\Http\\Middleware\\CheckForMaintenanceMode->handle(Object(Illuminate\\Http\\Request), Object(Closure))
#29 /storage/ssd4/232/7160232/public_html/vendor/laravel/framework/src/Illuminate/Routing/Pipeline.php(53): Illuminate\\Pipeline\\Pipeline->Illuminate\\Pipeline\\{closure}(Object(Illuminate\\Http\\Request))
#30 /storage/ssd4/232/7160232/public_html/vendor/laravel/framework/src/Illuminate/Pipeline/Pipeline.php(104): Illuminate\\Routing\\Pipeline->Illuminate\\Routing\\{closure}(Object(Illuminate\\Http\\Request))
#31 /storage/ssd4/232/7160232/public_html/vendor/laravel/framework/src/Illuminate/Foundation/Http/Kernel.php(151): Illuminate\\Pipeline\\Pipeline->then(Object(Closure))
#32 /storage/ssd4/232/7160232/public_html/vendor/laravel/framework/src/Illuminate/Foundation/Http/Kernel.php(116): Illuminate\\Foundation\\Http\\Kernel->sendRequestThroughRouter(Object(Illuminate\\Http\\Request))
#33 /storage/ssd4/232/7160232/public_html/public/index.php(55): Illuminate\\Foundation\\Http\\Kernel->handle(Object(Illuminate\\Http\\Request))
#34 /storage/ssd4/232/7160232/public_html/index.php(21): require_once('/storage/ssd4/2...')
#35 {main}
"} 
[2018-09-24 13:42:11] production.ERROR: SQLSTATE[HY000] [2002] Connection refused (SQL: select * from `cauhinhchungs` where `slug` = intro-website limit 1) (View: /storage/ssd4/232/7160232/public_html/resources/views/layouts/error/main.blade.php) (View: /storage/ssd4/232/7160232/public_html/resources/views/layouts/error/main.blade.php) {"exception":"[object] (ErrorException(code: 0): SQLSTATE[HY000] [2002] Connection refused (SQL: select * from `cauhinhchungs` where `slug` = intro-website limit 1) (View: /storage/ssd4/232/7160232/public_html/resources/views/layouts/error/main.blade.php) (View: /storage/ssd4/232/7160232/public_html/resources/views/layouts/error/main.blade.php) at /storage/ssd4/232/7160232/public_html/vendor/laravel/framework/src/Illuminate/Database/Connection.php:664, ErrorException(code: 0): SQLSTATE[HY000] [2002] Connection refused (SQL: select * from `cauhinhchungs` where `slug` = intro-website limit 1) (View: /storage/ssd4/232/7160232/public_html/resources/views/layouts/error/main.blade.php) at /storage/ssd4/232/7160232/public_html/vendor/laravel/framework/src/Illuminate/Database/Connection.php:664, Illuminate\\Database\\QueryException(code: 2002): SQLSTATE[HY000] [2002] Connection refused (SQL: select * from `cauhinhchungs` where `slug` = intro-website limit 1) at /storage/ssd4/232/7160232/public_html/vendor/laravel/framework/src/Illuminate/Database/Connection.php:664, PDOException(code: 2002): SQLSTATE[HY000] [2002] Connection refused at /storage/ssd4/232/7160232/public_html/vendor/laravel/framework/src/Illuminate/Database/Connectors/Connector.php:68)
[stacktrace]
#0 /storage/ssd4/232/7160232/public_html/vendor/laravel/framework/src/Illuminate/View/Engines/PhpEngine.php(45): Illuminate\\View\\Engines\\CompilerEngine->handleViewException(Object(ErrorException), 0)
#1 /storage/ssd4/232/7160232/public_html/vendor/laravel/framework/src/Illuminate/View/Engines/CompilerEngine.php(59): Illuminate\\View\\Engines\\PhpEngine->evaluatePath('/storage/ssd4/2...', Array)
#2 /storage/ssd4/232/7160232/public_html/vendor/laravel/framework/src/Illuminate/View/View.php(142): Illuminate\\View\\Engines\\CompilerEngine->get('/storage/ssd4/2...', Array)
#3 /storage/ssd4/232/7160232/public_html/vendor/laravel/framework/src/Illuminate/View/View.php(125): Illuminate\\View\\View->getContents()
#4 /storage/ssd4/232/7160232/public_html/vendor/laravel/framework/src/Illuminate/View/View.php(90): Illuminate\\View\\View->renderContents()
#5 /storage/ssd4/232/7160232/public_html/vendor/laravel/framework/src/Illuminate/Http/Response.php(42): Illuminate\\View\\View->render()
#6 /storage/ssd4/232/7160232/public_html/vendor/symfony/http-foundation/Response.php(202): Illuminate\\Http\\Response->setContent(Object(Illuminate\\View\\View))
#7 /storage/ssd4/232/7160232/public_html/vendor/laravel/framework/src/Illuminate/Routing/ResponseFactory.php(55): Symfony\\Component\\HttpFoundation\\Response->__construct(Object(Illuminate\\View\\View), 500, Array)
#8 /storage/ssd4/232/7160232/public_html/vendor/laravel/framework/src/Illuminate/Routing/ResponseFactory.php(81): Illuminate\\Routing\\ResponseFactory->make(Object(Illuminate\\View\\View), 500, Array)
#9 /storage/ssd4/232/7160232/public_html/vendor/laravel/framework/src/Illuminate/Foundation/Exceptions/Handler.php(380): Illuminate\\Routing\\ResponseFactory->view('errors::500', Array, 500, Array)
#10 /storage/ssd4/232/7160232/public_html/vendor/laravel/framework/src/Illuminate/Foundation/Exceptions/Handler.php(289): Illuminate\\Foundation\\Exceptions\\Handler->renderHttpException(Object(Symfony\\Component\\HttpKernel\\Exception\\HttpException))
#11 /storage/ssd4/232/7160232/public_html/vendor/laravel/framework/src/Illuminate/Foundation/Exceptions/Handler.php(188): Illuminate\\Foundation\\Exceptions\\Handler->prepareResponse(Object(Illuminate\\Http\\Request), Object(Symfony\\Component\\HttpKernel\\Exception\\HttpException))
#12 /storage/ssd4/232/7160232/public_html/app/Exceptions/Handler.php(49): Illuminate\\Foundation\\Exceptions\\Handler->render(Object(Illuminate\\Http\\Request), Object(ErrorException))
#13 /storage/ssd4/232/7160232/public_html/vendor/laravel/framework/src/Illuminate/Routing/Pipeline.php(83): App\\Exceptions\\Handler->render(Object(Illuminate\\Http\\Request), Object(ErrorException))
#14 /storage/ssd4/232/7160232/public_html/vendor/laravel/framework/src/Illuminate/Routing/Pipeline.php(55): Illuminate\\Routing\\Pipeline->handleException(Object(Illuminate\\Http\\Request), Object(ErrorException))
#15 /storage/ssd4/232/7160232/public_html/vendor/laravel/framework/src/Illuminate/Foundation/Http/Middleware/TransformsRequest.php(31): Illuminate\\Routing\\Pipeline->Illuminate\\Routing\\{closure}(Object(Illuminate\\Http\\Request))
#16 /storage/ssd4/232/7160232/public_html/vendor/laravel/framework/src/Illuminate/Pipeline/Pipeline.php(151): Illuminate\\Foundation\\Http\\Middleware\\TransformsRequest->handle(Object(Illuminate\\Http\\Request), Object(Closure))
#17 /storage/ssd4/232/7160232/public_html/vendor/laravel/framework/src/Illuminate/Routing/Pipeline.php(53): Illuminate\\Pipeline\\Pipeline->Illuminate\\Pipeline\\{closure}(Object(Illuminate\\Http\\Request))
#18 /storage/ssd4/232/7160232/public_html/vendor/laravel/framework/src/Illuminate/Foundation/Http/Middleware/TransformsRequest.php(31): Illuminate\\Routing\\Pipeline->Illuminate\\Routing\\{closure}(Object(Illuminate\\Http\\Request))
#19 /storage/ssd4/232/7160232/public_html/vendor/laravel/framework/src/Illuminate/Pipeline/Pipeline.php(151): Illuminate\\Foundation\\Http\\Middleware\\TransformsRequest->handle(Object(Illuminate\\Http\\Request), Object(Closure))
#20 /storage/ssd4/232/7160232/public_html/vendor/laravel/framework/src/Illuminate/Routing/Pipeline.php(53): Illuminate\\Pipeline\\Pipeline->Illuminate\\Pipeline\\{closure}(Object(Illuminate\\Http\\Request))
#21 /storage/ssd4/232/7160232/public_html/vendor/laravel/framework/src/Illuminate/Foundation/Http/Middleware/ValidatePostSize.php(27): Illuminate\\Routing\\Pipeline->Illuminate\\Routing\\{closure}(Object(Illuminate\\Http\\Request))
#22 /storage/ssd4/232/7160232/public_html/vendor/laravel/framework/src/Illuminate/Pipeline/Pipeline.php(151): Illuminate\\Foundation\\Http\\Middleware\\ValidatePostSize->handle(Object(Illuminate\\Http\\Request), Object(Closure))
#23 /storage/ssd4/232/7160232/public_html/vendor/laravel/framework/src/Illuminate/Routing/Pipeline.php(53): Illuminate\\Pipeline\\Pipeline->Illuminate\\Pipeline\\{closure}(Object(Illuminate\\Http\\Request))
#24 /storage/ssd4/232/7160232/public_html/vendor/laravel/framework/src/Illuminate/Foundation/Http/Middleware/CheckForMaintenanceMode.php(62): Illuminate\\Routing\\Pipeline->Illuminate\\Routing\\{closure}(Object(Illuminate\\Http\\Request))
#25 /storage/ssd4/232/7160232/public_html/vendor/laravel/framework/src/Illuminate/Pipeline/Pipeline.php(151): Illuminate\\Foundation\\Http\\Middleware\\CheckForMaintenanceMode->handle(Object(Illuminate\\Http\\Request), Object(Closure))
#26 /storage/ssd4/232/7160232/public_html/vendor/laravel/framework/src/Illuminate/Routing/Pipeline.php(53): Illuminate\\Pipeline\\Pipeline->Illuminate\\Pipeline\\{closure}(Object(Illuminate\\Http\\Request))
#27 /storage/ssd4/232/7160232/public_html/vendor/laravel/framework/src/Illuminate/Pipeline/Pipeline.php(104): Illuminate\\Routing\\Pipeline->Illuminate\\Routing\\{closure}(Object(Illuminate\\Http\\Request))
#28 /storage/ssd4/232/7160232/public_html/vendor/laravel/framework/src/Illuminate/Foundation/Http/Kernel.php(151): Illuminate\\Pipeline\\Pipeline->then(Object(Closure))
#29 /storage/ssd4/232/7160232/public_html/vendor/laravel/framework/src/Illuminate/Foundation/Http/Kernel.php(116): Illuminate\\Foundation\\Http\\Kernel->sendRequestThroughRouter(Object(Illuminate\\Http\\Request))
#30 /storage/ssd4/232/7160232/public_html/public/index.php(55): Illuminate\\Foundation\\Http\\Kernel->handle(Object(Illuminate\\Http\\Request))
#31 /storage/ssd4/232/7160232/public_html/index.php(21): require_once('/storage/ssd4/2...')
#32 {main}
"} 
[2018-09-24 13:42:11] production.ERROR: SQLSTATE[HY000] [2002] Connection refused (SQL: select * from `cauhinhchungs` where `slug` = intro-website limit 1) (View: /storage/ssd4/232/7160232/public_html/resources/views/layouts/error/main.blade.php) (View: /storage/ssd4/232/7160232/public_html/resources/views/layouts/error/main.blade.php) {"exception":"[object] (ErrorException(code: 0): SQLSTATE[HY000] [2002] Connection refused (SQL: select * from `cauhinhchungs` where `slug` = intro-website limit 1) (View: /storage/ssd4/232/7160232/public_html/resources/views/layouts/error/main.blade.php) (View: /storage/ssd4/232/7160232/public_html/resources/views/layouts/error/main.blade.php) at /storage/ssd4/232/7160232/public_html/vendor/laravel/framework/src/Illuminate/Database/Connection.php:664, ErrorException(code: 0): SQLSTATE[HY000] [2002] Connection refused (SQL: select * from `cauhinhchungs` where `slug` = intro-website limit 1) (View: /storage/ssd4/232/7160232/public_html/resources/views/layouts/error/main.blade.php) at /storage/ssd4/232/7160232/public_html/vendor/laravel/framework/src/Illuminate/Database/Connection.php:664, Illuminate\\Database\\QueryException(code: 2002): SQLSTATE[HY000] [2002] Connection refused (SQL: select * from `cauhinhchungs` where `slug` = intro-website limit 1) at /storage/ssd4/232/7160232/public_html/vendor/laravel/framework/src/Illuminate/Database/Connection.php:664, PDOException(code: 2002): SQLSTATE[HY000] [2002] Connection refused at /storage/ssd4/232/7160232/public_html/vendor/laravel/framework/src/Illuminate/Database/Connectors/Connector.php:68)
[stacktrace]
#0 /storage/ssd4/232/7160232/public_html/vendor/laravel/framework/src/Illuminate/View/Engines/PhpEngine.php(45): Illuminate\\View\\Engines\\CompilerEngine->handleViewException(Object(ErrorException), 0)
#1 /storage/ssd4/232/7160232/public_html/vendor/laravel/framework/src/Illuminate/View/Engines/CompilerEngine.php(59): Illuminate\\View\\Engines\\PhpEngine->evaluatePath('/storage/ssd4/2...', Array)
#2 /storage/ssd4/232/7160232/public_html/vendor/laravel/framework/src/Illuminate/View/View.php(142): Illuminate\\View\\Engines\\CompilerEngine->get('/storage/ssd4/2...', Array)
#3 /storage/ssd4/232/7160232/public_html/vendor/laravel/framework/src/Illuminate/View/View.php(125): Illuminate\\View\\View->getContents()
#4 /storage/ssd4/232/7160232/public_html/vendor/laravel/framework/src/Illuminate/View/View.php(90): Illuminate\\View\\View->renderContents()
#5 /storage/ssd4/232/7160232/public_html/vendor/laravel/framework/src/Illuminate/Http/Response.php(42): Illuminate\\View\\View->render()
#6 /storage/ssd4/232/7160232/public_html/vendor/symfony/http-foundation/Response.php(202): Illuminate\\Http\\Response->setContent(Object(Illuminate\\View\\View))
#7 /storage/ssd4/232/7160232/public_html/vendor/laravel/framework/src/Illuminate/Routing/ResponseFactory.php(55): Symfony\\Component\\HttpFoundation\\Response->__construct(Object(Illuminate\\View\\View), 500, Array)
#8 /storage/ssd4/232/7160232/public_html/vendor/laravel/framework/src/Illuminate/Routing/ResponseFactory.php(81): Illuminate\\Routing\\ResponseFactory->make(Object(Illuminate\\View\\View), 500, Array)
#9 /storage/ssd4/232/7160232/public_html/vendor/laravel/framework/src/Illuminate/Foundation/Exceptions/Handler.php(380): Illuminate\\Routing\\ResponseFactory->view('errors::500', Array, 500, Array)
#10 /storage/ssd4/232/7160232/public_html/vendor/laravel/framework/src/Illuminate/Foundation/Exceptions/Handler.php(289): Illuminate\\Foundation\\Exceptions\\Handler->renderHttpException(Object(Symfony\\Component\\HttpKernel\\Exception\\HttpException))
#11 /storage/ssd4/232/7160232/public_html/vendor/laravel/framework/src/Illuminate/Foundation/Exceptions/Handler.php(188): Illuminate\\Foundation\\Exceptions\\Handler->prepareResponse(Object(Illuminate\\Http\\Request), Object(Symfony\\Component\\HttpKernel\\Exception\\HttpException))
#12 /storage/ssd4/232/7160232/public_html/app/Exceptions/Handler.php(49): Illuminate\\Foundation\\Exceptions\\Handler->render(Object(Illuminate\\Http\\Request), Object(ErrorException))
#13 /storage/ssd4/232/7160232/public_html/vendor/laravel/framework/src/Illuminate/Routing/Pipeline.php(83): App\\Exceptions\\Handler->render(Object(Illuminate\\Http\\Request), Object(ErrorException))
#14 /storage/ssd4/232/7160232/public_html/vendor/laravel/framework/src/Illuminate/Routing/Pipeline.php(55): Illuminate\\Routing\\Pipeline->handleException(Object(Illuminate\\Http\\Request), Object(ErrorException))
#15 /storage/ssd4/232/7160232/public_html/vendor/laravel/framework/src/Illuminate/Foundation/Http/Middleware/TransformsRequest.php(31): Illuminate\\Routing\\Pipeline->Illuminate\\Routing\\{closure}(Object(Illuminate\\Http\\Request))
#16 /storage/ssd4/232/7160232/public_html/vendor/laravel/framework/src/Illuminate/Pipeline/Pipeline.php(151): Illuminate\\Foundation\\Http\\Middleware\\TransformsRequest->handle(Object(Illuminate\\Http\\Request), Object(Closure))
#17 /storage/ssd4/232/7160232/public_html/vendor/laravel/framework/src/Illuminate/Routing/Pipeline.php(53): Illuminate\\Pipeline\\Pipeline->Illuminate\\Pipeline\\{closure}(Object(Illuminate\\Http\\Request))
#18 /storage/ssd4/232/7160232/public_html/vendor/laravel/framework/src/Illuminate/Foundation/Http/Middleware/ValidatePostSize.php(27): Illuminate\\Routing\\Pipeline->Illuminate\\Routing\\{closure}(Object(Illuminate\\Http\\Request))
#19 /storage/ssd4/232/7160232/public_html/vendor/laravel/framework/src/Illuminate/Pipeline/Pipeline.php(151): Illuminate\\Foundation\\Http\\Middleware\\ValidatePostSize->handle(Object(Illuminate\\Http\\Request), Object(Closure))
#20 /storage/ssd4/232/7160232/public_html/vendor/laravel/framework/src/Illuminate/Routing/Pipeline.php(53): Illuminate\\Pipeline\\Pipeline->Illuminate\\Pipeline\\{closure}(Object(Illuminate\\Http\\Request))
#21 /storage/ssd4/232/7160232/public_html/vendor/laravel/framework/src/Illuminate/Foundation/Http/Middleware/CheckForMaintenanceMode.php(62): Illuminate\\Routing\\Pipeline->Illuminate\\Routing\\{closure}(Object(Illuminate\\Http\\Request))
#22 /storage/ssd4/232/7160232/public_html/vendor/laravel/framework/src/Illuminate/Pipeline/Pipeline.php(151): Illuminate\\Foundation\\Http\\Middleware\\CheckForMaintenanceMode->handle(Object(Illuminate\\Http\\Request), Object(Closure))
#23 /storage/ssd4/232/7160232/public_html/vendor/laravel/framework/src/Illuminate/Routing/Pipeline.php(53): Illuminate\\Pipeline\\Pipeline->Illuminate\\Pipeline\\{closure}(Object(Illuminate\\Http\\Request))
#24 /storage/ssd4/232/7160232/public_html/vendor/laravel/framework/src/Illuminate/Pipeline/Pipeline.php(104): Illuminate\\Routing\\Pipeline->Illuminate\\Routing\\{closure}(Object(Illuminate\\Http\\Request))
#25 /storage/ssd4/232/7160232/public_html/vendor/laravel/framework/src/Illuminate/Foundation/Http/Kernel.php(151): Illuminate\\Pipeline\\Pipeline->then(Object(Closure))
#26 /storage/ssd4/232/7160232/public_html/vendor/laravel/framework/src/Illuminate/Foundation/Http/Kernel.php(116): Illuminate\\Foundation\\Http\\Kernel->sendRequestThroughRouter(Object(Illuminate\\Http\\Request))
#27 /storage/ssd4/232/7160232/public_html/public/index.php(55): Illuminate\\Foundation\\Http\\Kernel->handle(Object(Illuminate\\Http\\Request))
#28 /storage/ssd4/232/7160232/public_html/index.php(21): require_once('/storage/ssd4/2...')
#29 {main}
"} 
[2018-09-24 13:42:11] production.ERROR: SQLSTATE[HY000] [2002] Connection refused (SQL: select * from `cauhinhchungs` where `slug` = intro-website limit 1) (View: /storage/ssd4/232/7160232/public_html/resources/views/layouts/error/main.blade.php) (View: /storage/ssd4/232/7160232/public_html/resources/views/layouts/error/main.blade.php) {"exception":"[object] (ErrorException(code: 0): SQLSTATE[HY000] [2002] Connection refused (SQL: select * from `cauhinhchungs` where `slug` = intro-website limit 1) (View: /storage/ssd4/232/7160232/public_html/resources/views/layouts/error/main.blade.php) (View: /storage/ssd4/232/7160232/public_html/resources/views/layouts/error/main.blade.php) at /storage/ssd4/232/7160232/public_html/vendor/laravel/framework/src/Illuminate/Database/Connection.php:664, ErrorException(code: 0): SQLSTATE[HY000] [2002] Connection refused (SQL: select * from `cauhinhchungs` where `slug` = intro-website limit 1) (View: /storage/ssd4/232/7160232/public_html/resources/views/layouts/error/main.blade.php) at /storage/ssd4/232/7160232/public_html/vendor/laravel/framework/src/Illuminate/Database/Connection.php:664, Illuminate\\Database\\QueryException(code: 2002): SQLSTATE[HY000] [2002] Connection refused (SQL: select * from `cauhinhchungs` where `slug` = intro-website limit 1) at /storage/ssd4/232/7160232/public_html/vendor/laravel/framework/src/Illuminate/Database/Connection.php:664, PDOException(code: 2002): SQLSTATE[HY000] [2002] Connection refused at /storage/ssd4/232/7160232/public_html/vendor/laravel/framework/src/Illuminate/Database/Connectors/Connector.php:68)
[stacktrace]
#0 /storage/ssd4/232/7160232/public_html/vendor/laravel/framework/src/Illuminate/View/Engines/PhpEngine.php(45): Illuminate\\View\\Engines\\CompilerEngine->handleViewException(Object(ErrorException), 0)
#1 /storage/ssd4/232/7160232/public_html/vendor/laravel/framework/src/Illuminate/View/Engines/CompilerEngine.php(59): Illuminate\\View\\Engines\\PhpEngine->evaluatePath('/storage/ssd4/2...', Array)
#2 /storage/ssd4/232/7160232/public_html/vendor/laravel/framework/src/Illuminate/View/View.php(142): Illuminate\\View\\Engines\\CompilerEngine->get('/storage/ssd4/2...', Array)
#3 /storage/ssd4/232/7160232/public_html/vendor/laravel/framework/src/Illuminate/View/View.php(125): Illuminate\\View\\View->getContents()
#4 /storage/ssd4/232/7160232/public_html/vendor/laravel/framework/src/Illuminate/View/View.php(90): Illuminate\\View\\View->renderContents()
#5 /storage/ssd4/232/7160232/public_html/vendor/laravel/framework/src/Illuminate/Http/Response.php(42): Illuminate\\View\\View->render()
#6 /storage/ssd4/232/7160232/public_html/vendor/symfony/http-foundation/Response.php(202): Illuminate\\Http\\Response->setContent(Object(Illuminate\\View\\View))
#7 /storage/ssd4/232/7160232/public_html/vendor/laravel/framework/src/Illuminate/Routing/ResponseFactory.php(55): Symfony\\Component\\HttpFoundation\\Response->__construct(Object(Illuminate\\View\\View), 500, Array)
#8 /storage/ssd4/232/7160232/public_html/vendor/laravel/framework/src/Illuminate/Routing/ResponseFactory.php(81): Illuminate\\Routing\\ResponseFactory->make(Object(Illuminate\\View\\View), 500, Array)
#9 /storage/ssd4/232/7160232/public_html/vendor/laravel/framework/src/Illuminate/Foundation/Exceptions/Handler.php(380): Illuminate\\Routing\\ResponseFactory->view('errors::500', Array, 500, Array)
#10 /storage/ssd4/232/7160232/public_html/vendor/laravel/framework/src/Illuminate/Foundation/Exceptions/Handler.php(289): Illuminate\\Foundation\\Exceptions\\Handler->renderHttpException(Object(Symfony\\Component\\HttpKernel\\Exception\\HttpException))
#11 /storage/ssd4/232/7160232/public_html/vendor/laravel/framework/src/Illuminate/Foundation/Exceptions/Handler.php(188): Illuminate\\Foundation\\Exceptions\\Handler->prepareResponse(Object(Illuminate\\Http\\Request), Object(Symfony\\Component\\HttpKernel\\Exception\\HttpException))
#12 /storage/ssd4/232/7160232/public_html/app/Exceptions/Handler.php(49): Illuminate\\Foundation\\Exceptions\\Handler->render(Object(Illuminate\\Http\\Request), Object(ErrorException))
#13 /storage/ssd4/232/7160232/public_html/vendor/laravel/framework/src/Illuminate/Routing/Pipeline.php(83): App\\Exceptions\\Handler->render(Object(Illuminate\\Http\\Request), Object(ErrorException))
#14 /storage/ssd4/232/7160232/public_html/vendor/laravel/framework/src/Illuminate/Routing/Pipeline.php(55): Illuminate\\Routing\\Pipeline->handleException(Object(Illuminate\\Http\\Request), Object(ErrorException))
#15 /storage/ssd4/232/7160232/public_html/vendor/laravel/framework/src/Illuminate/Foundation/Http/Middleware/ValidatePostSize.php(27): Illuminate\\Routing\\Pipeline->Illuminate\\Routing\\{closure}(Object(Illuminate\\Http\\Request))
#16 /storage/ssd4/232/7160232/public_html/vendor/laravel/framework/src/Illuminate/Pipeline/Pipeline.php(151): Illuminate\\Foundation\\Http\\Middleware\\ValidatePostSize->handle(Object(Illuminate\\Http\\Request), Object(Closure))
#17 /storage/ssd4/232/7160232/public_html/vendor/laravel/framework/src/Illuminate/Routing/Pipeline.php(53): Illuminate\\Pipeline\\Pipeline->Illuminate\\Pipeline\\{closure}(Object(Illuminate\\Http\\Request))
#18 /storage/ssd4/232/7160232/public_html/vendor/laravel/framework/src/Illuminate/Foundation/Http/Middleware/CheckForMaintenanceMode.php(62): Illuminate\\Routing\\Pipeline->Illuminate\\Routing\\{closure}(Object(Illuminate\\Http\\Request))
#19 /storage/ssd4/232/7160232/public_html/vendor/laravel/framework/src/Illuminate/Pipeline/Pipeline.php(151): Illuminate\\Foundation\\Http\\Middleware\\CheckForMaintenanceMode->handle(Object(Illuminate\\Http\\Request), Object(Closure))
#20 /storage/ssd4/232/7160232/public_html/vendor/laravel/framework/src/Illuminate/Routing/Pipeline.php(53): Illuminate\\Pipeline\\Pipeline->Illuminate\\Pipeline\\{closure}(Object(Illuminate\\Http\\Request))
#21 /storage/ssd4/232/7160232/public_html/vendor/laravel/framework/src/Illuminate/Pipeline/Pipeline.php(104): Illuminate\\Routing\\Pipeline->Illuminate\\Routing\\{closure}(Object(Illuminate\\Http\\Request))
#22 /storage/ssd4/232/7160232/public_html/vendor/laravel/framework/src/Illuminate/Foundation/Http/Kernel.php(151): Illuminate\\Pipeline\\Pipeline->then(Object(Closure))
#23 /storage/ssd4/232/7160232/public_html/vendor/laravel/framework/src/Illuminate/Foundation/Http/Kernel.php(116): Illuminate\\Foundation\\Http\\Kernel->sendRequestThroughRouter(Object(Illuminate\\Http\\Request))
#24 /storage/ssd4/232/7160232/public_html/public/index.php(55): Illuminate\\Foundation\\Http\\Kernel->handle(Object(Illuminate\\Http\\Request))
#25 /storage/ssd4/232/7160232/public_html/index.php(21): require_once('/storage/ssd4/2...')
#26 {main}
"} 
[2018-09-24 13:42:11] production.ERROR: SQLSTATE[HY000] [2002] Connection refused (SQL: select * from `cauhinhchungs` where `slug` = intro-website limit 1) (View: /storage/ssd4/232/7160232/public_html/resources/views/layouts/error/main.blade.php) (View: /storage/ssd4/232/7160232/public_html/resources/views/layouts/error/main.blade.php) {"exception":"[object] (ErrorException(code: 0): SQLSTATE[HY000] [2002] Connection refused (SQL: select * from `cauhinhchungs` where `slug` = intro-website limit 1) (View: /storage/ssd4/232/7160232/public_html/resources/views/layouts/error/main.blade.php) (View: /storage/ssd4/232/7160232/public_html/resources/views/layouts/error/main.blade.php) at /storage/ssd4/232/7160232/public_html/vendor/laravel/framework/src/Illuminate/Database/Connection.php:664, ErrorException(code: 0): SQLSTATE[HY000] [2002] Connection refused (SQL: select * from `cauhinhchungs` where `slug` = intro-website limit 1) (View: /storage/ssd4/232/7160232/public_html/resources/views/layouts/error/main.blade.php) at /storage/ssd4/232/7160232/public_html/vendor/laravel/framework/src/Illuminate/Database/Connection.php:664, Illuminate\\Database\\QueryException(code: 2002): SQLSTATE[HY000] [2002] Connection refused (SQL: select * from `cauhinhchungs` where `slug` = intro-website limit 1) at /storage/ssd4/232/7160232/public_html/vendor/laravel/framework/src/Illuminate/Database/Connection.php:664, PDOException(code: 2002): SQLSTATE[HY000] [2002] Connection refused at /storage/ssd4/232/7160232/public_html/vendor/laravel/framework/src/Illuminate/Database/Connectors/Connector.php:68)
[stacktrace]
#0 /storage/ssd4/232/7160232/public_html/vendor/laravel/framework/src/Illuminate/View/Engines/PhpEngine.php(45): Illuminate\\View\\Engines\\CompilerEngine->handleViewException(Object(ErrorException), 0)
#1 /storage/ssd4/232/7160232/public_html/vendor/laravel/framework/src/Illuminate/View/Engines/CompilerEngine.php(59): Illuminate\\View\\Engines\\PhpEngine->evaluatePath('/storage/ssd4/2...', Array)
#2 /storage/ssd4/232/7160232/public_html/vendor/laravel/framework/src/Illuminate/View/View.php(142): Illuminate\\View\\Engines\\CompilerEngine->get('/storage/ssd4/2...', Array)
#3 /storage/ssd4/232/7160232/public_html/vendor/laravel/framework/src/Illuminate/View/View.php(125): Illuminate\\View\\View->getContents()
#4 /storage/ssd4/232/7160232/public_html/vendor/laravel/framework/src/Illuminate/View/View.php(90): Illuminate\\View\\View->renderContents()
#5 /storage/ssd4/232/7160232/public_html/vendor/laravel/framework/src/Illuminate/Http/Response.php(42): Illuminate\\View\\View->render()
#6 /storage/ssd4/232/7160232/public_html/vendor/symfony/http-foundation/Response.php(202): Illuminate\\Http\\Response->setContent(Object(Illuminate\\View\\View))
#7 /storage/ssd4/232/7160232/public_html/vendor/laravel/framework/src/Illuminate/Routing/ResponseFactory.php(55): Symfony\\Component\\HttpFoundation\\Response->__construct(Object(Illuminate\\View\\View), 500, Array)
#8 /storage/ssd4/232/7160232/public_html/vendor/laravel/framework/src/Illuminate/Routing/ResponseFactory.php(81): Illuminate\\Routing\\ResponseFactory->make(Object(Illuminate\\View\\View), 500, Array)
#9 /storage/ssd4/232/7160232/public_html/vendor/laravel/framework/src/Illuminate/Foundation/Exceptions/Handler.php(380): Illuminate\\Routing\\ResponseFactory->view('errors::500', Array, 500, Array)
#10 /storage/ssd4/232/7160232/public_html/vendor/laravel/framework/src/Illuminate/Foundation/Exceptions/Handler.php(289): Illuminate\\Foundation\\Exceptions\\Handler->renderHttpException(Object(Symfony\\Component\\HttpKernel\\Exception\\HttpException))
#11 /storage/ssd4/232/7160232/public_html/vendor/laravel/framework/src/Illuminate/Foundation/Exceptions/Handler.php(188): Illuminate\\Foundation\\Exceptions\\Handler->prepareResponse(Object(Illuminate\\Http\\Request), Object(Symfony\\Component\\HttpKernel\\Exception\\HttpException))
#12 /storage/ssd4/232/7160232/public_html/app/Exceptions/Handler.php(49): Illuminate\\Foundation\\Exceptions\\Handler->render(Object(Illuminate\\Http\\Request), Object(ErrorException))
#13 /storage/ssd4/232/7160232/public_html/vendor/laravel/framework/src/Illuminate/Routing/Pipeline.php(83): App\\Exceptions\\Handler->render(Object(Illuminate\\Http\\Request), Object(ErrorException))
#14 /storage/ssd4/232/7160232/public_html/vendor/laravel/framework/src/Illuminate/Routing/Pipeline.php(55): Illuminate\\Routing\\Pipeline->handleException(Object(Illuminate\\Http\\Request), Object(ErrorException))
#15 /storage/ssd4/232/7160232/public_html/vendor/laravel/framework/src/Illuminate/Foundation/Http/Middleware/CheckForMaintenanceMode.php(62): Illuminate\\Routing\\Pipeline->Illuminate\\Routing\\{closure}(Object(Illuminate\\Http\\Request))
#16 /storage/ssd4/232/7160232/public_html/vendor/laravel/framework/src/Illuminate/Pipeline/Pipeline.php(151): Illuminate\\Foundation\\Http\\Middleware\\CheckForMaintenanceMode->handle(Object(Illuminate\\Http\\Request), Object(Closure))
#17 /storage/ssd4/232/7160232/public_html/vendor/laravel/framework/src/Illuminate/Routing/Pipeline.php(53): Illuminate\\Pipeline\\Pipeline->Illuminate\\Pipeline\\{closure}(Object(Illuminate\\Http\\Request))
#18 /storage/ssd4/232/7160232/public_html/vendor/laravel/framework/src/Illuminate/Pipeline/Pipeline.php(104): Illuminate\\Routing\\Pipeline->Illuminate\\Routing\\{closure}(Object(Illuminate\\Http\\Request))
#19 /storage/ssd4/232/7160232/public_html/vendor/laravel/framework/src/Illuminate/Foundation/Http/Kernel.php(151): Illuminate\\Pipeline\\Pipeline->then(Object(Closure))
#20 /storage/ssd4/232/7160232/public_html/vendor/laravel/framework/src/Illuminate/Foundation/Http/Kernel.php(116): Illuminate\\Foundation\\Http\\Kernel->sendRequestThroughRouter(Object(Illuminate\\Http\\Request))
#21 /storage/ssd4/232/7160232/public_html/public/index.php(55): Illuminate\\Foundation\\Http\\Kernel->handle(Object(Illuminate\\Http\\Request))
#22 /storage/ssd4/232/7160232/public_html/index.php(21): require_once('/storage/ssd4/2...')
#23 {main}
"} 
[2018-09-24 13:42:11] production.ERROR: SQLSTATE[HY000] [2002] Connection refused (SQL: select * from `cauhinhchungs` where `slug` = intro-website limit 1) (View: /storage/ssd4/232/7160232/public_html/resources/views/layouts/error/main.blade.php) (View: /storage/ssd4/232/7160232/public_html/resources/views/layouts/error/main.blade.php) {"exception":"[object] (ErrorException(code: 0): SQLSTATE[HY000] [2002] Connection refused (SQL: select * from `cauhinhchungs` where `slug` = intro-website limit 1) (View: /storage/ssd4/232/7160232/public_html/resources/views/layouts/error/main.blade.php) (View: /storage/ssd4/232/7160232/public_html/resources/views/layouts/error/main.blade.php) at /storage/ssd4/232/7160232/public_html/vendor/laravel/framework/src/Illuminate/Database/Connection.php:664, ErrorException(code: 0): SQLSTATE[HY000] [2002] Connection refused (SQL: select * from `cauhinhchungs` where `slug` = intro-website limit 1) (View: /storage/ssd4/232/7160232/public_html/resources/views/layouts/error/main.blade.php) at /storage/ssd4/232/7160232/public_html/vendor/laravel/framework/src/Illuminate/Database/Connection.php:664, Illuminate\\Database\\QueryException(code: 2002): SQLSTATE[HY000] [2002] Connection refused (SQL: select * from `cauhinhchungs` where `slug` = intro-website limit 1) at /storage/ssd4/232/7160232/public_html/vendor/laravel/framework/src/Illuminate/Database/Connection.php:664, PDOException(code: 2002): SQLSTATE[HY000] [2002] Connection refused at /storage/ssd4/232/7160232/public_html/vendor/laravel/framework/src/Illuminate/Database/Connectors/Connector.php:68)
[stacktrace]
#0 /storage/ssd4/232/7160232/public_html/vendor/laravel/framework/src/Illuminate/View/Engines/PhpEngine.php(45): Illuminate\\View\\Engines\\CompilerEngine->handleViewException(Object(ErrorException), 0)
#1 /storage/ssd4/232/7160232/public_html/vendor/laravel/framework/src/Illuminate/View/Engines/CompilerEngine.php(59): Illuminate\\View\\Engines\\PhpEngine->evaluatePath('/storage/ssd4/2...', Array)
#2 /storage/ssd4/232/7160232/public_html/vendor/laravel/framework/src/Illuminate/View/View.php(142): Illuminate\\View\\Engines\\CompilerEngine->get('/storage/ssd4/2...', Array)
#3 /storage/ssd4/232/7160232/public_html/vendor/laravel/framework/src/Illuminate/View/View.php(125): Illuminate\\View\\View->getContents()
#4 /storage/ssd4/232/7160232/public_html/vendor/laravel/framework/src/Illuminate/View/View.php(90): Illuminate\\View\\View->renderContents()
#5 /storage/ssd4/232/7160232/public_html/vendor/laravel/framework/src/Illuminate/Http/Response.php(42): Illuminate\\View\\View->render()
#6 /storage/ssd4/232/7160232/public_html/vendor/symfony/http-foundation/Response.php(202): Illuminate\\Http\\Response->setContent(Object(Illuminate\\View\\View))
#7 /storage/ssd4/232/7160232/public_html/vendor/laravel/framework/src/Illuminate/Routing/ResponseFactory.php(55): Symfony\\Component\\HttpFoundation\\Response->__construct(Object(Illuminate\\View\\View), 500, Array)
#8 /storage/ssd4/232/7160232/public_html/vendor/laravel/framework/src/Illuminate/Routing/ResponseFactory.php(81): Illuminate\\Routing\\ResponseFactory->make(Object(Illuminate\\View\\View), 500, Array)
#9 /storage/ssd4/232/7160232/public_html/vendor/laravel/framework/src/Illuminate/Foundation/Exceptions/Handler.php(380): Illuminate\\Routing\\ResponseFactory->view('errors::500', Array, 500, Array)
#10 /storage/ssd4/232/7160232/public_html/vendor/laravel/framework/src/Illuminate/Foundation/Exceptions/Handler.php(289): Illuminate\\Foundation\\Exceptions\\Handler->renderHttpException(Object(Symfony\\Component\\HttpKernel\\Exception\\HttpException))
#11 /storage/ssd4/232/7160232/public_html/vendor/laravel/framework/src/Illuminate/Foundation/Exceptions/Handler.php(188): Illuminate\\Foundation\\Exceptions\\Handler->prepareResponse(Object(Illuminate\\Http\\Request), Object(Symfony\\Component\\HttpKernel\\Exception\\HttpException))
#12 /storage/ssd4/232/7160232/public_html/app/Exceptions/Handler.php(49): Illuminate\\Foundation\\Exceptions\\Handler->render(Object(Illuminate\\Http\\Request), Object(ErrorException))
#13 /storage/ssd4/232/7160232/public_html/vendor/laravel/framework/src/Illuminate/Routing/Pipeline.php(83): App\\Exceptions\\Handler->render(Object(Illuminate\\Http\\Request), Object(ErrorException))
#14 /storage/ssd4/232/7160232/public_html/vendor/laravel/framework/src/Illuminate/Routing/Pipeline.php(55): Illuminate\\Routing\\Pipeline->handleException(Object(Illuminate\\Http\\Request), Object(ErrorException))
#15 /storage/ssd4/232/7160232/public_html/vendor/laravel/framework/src/Illuminate/Pipeline/Pipeline.php(104): Illuminate\\Routing\\Pipeline->Illuminate\\Routing\\{closure}(Object(Illuminate\\Http\\Request))
#16 /storage/ssd4/232/7160232/public_html/vendor/laravel/framework/src/Illuminate/Foundation/Http/Kernel.php(151): Illuminate\\Pipeline\\Pipeline->then(Object(Closure))
#17 /storage/ssd4/232/7160232/public_html/vendor/laravel/framework/src/Illuminate/Foundation/Http/Kernel.php(116): Illuminate\\Foundation\\Http\\Kernel->sendRequestThroughRouter(Object(Illuminate\\Http\\Request))
#18 /storage/ssd4/232/7160232/public_html/public/index.php(55): Illuminate\\Foundation\\Http\\Kernel->handle(Object(Illuminate\\Http\\Request))
#19 /storage/ssd4/232/7160232/public_html/index.php(21): require_once('/storage/ssd4/2...')
#20 {main}
"} 
[2018-09-24 13:42:11] production.ERROR: SQLSTATE[HY000] [2002] Connection refused (SQL: select * from `cauhinhchungs` where `slug` = intro-website limit 1) (View: /storage/ssd4/232/7160232/public_html/resources/views/layouts/error/main.blade.php) (View: /storage/ssd4/232/7160232/public_html/resources/views/layouts/error/main.blade.php) {"exception":"[object] (ErrorException(code: 0): SQLSTATE[HY000] [2002] Connection refused (SQL: select * from `cauhinhchungs` where `slug` = intro-website limit 1) (View: /storage/ssd4/232/7160232/public_html/resources/views/layouts/error/main.blade.php) (View: /storage/ssd4/232/7160232/public_html/resources/views/layouts/error/main.blade.php) at /storage/ssd4/232/7160232/public_html/vendor/laravel/framework/src/Illuminate/Database/Connection.php:664, ErrorException(code: 0): SQLSTATE[HY000] [2002] Connection refused (SQL: select * from `cauhinhchungs` where `slug` = intro-website limit 1) (View: /storage/ssd4/232/7160232/public_html/resources/views/layouts/error/main.blade.php) at /storage/ssd4/232/7160232/public_html/vendor/laravel/framework/src/Illuminate/Database/Connection.php:664, Illuminate\\Database\\QueryException(code: 2002): SQLSTATE[HY000] [2002] Connection refused (SQL: select * from `cauhinhchungs` where `slug` = intro-website limit 1) at /storage/ssd4/232/7160232/public_html/vendor/laravel/framework/src/Illuminate/Database/Connection.php:664, PDOException(code: 2002): SQLSTATE[HY000] [2002] Connection refused at /storage/ssd4/232/7160232/public_html/vendor/laravel/framework/src/Illuminate/Database/Connectors/Connector.php:68)
[stacktrace]
#0 /storage/ssd4/232/7160232/public_html/vendor/laravel/framework/src/Illuminate/View/Engines/PhpEngine.php(45): Illuminate\\View\\Engines\\CompilerEngine->handleViewException(Object(ErrorException), 0)
#1 /storage/ssd4/232/7160232/public_html/vendor/laravel/framework/src/Illuminate/View/Engines/CompilerEngine.php(59): Illuminate\\View\\Engines\\PhpEngine->evaluatePath('/storage/ssd4/2...', Array)
#2 /storage/ssd4/232/7160232/public_html/vendor/laravel/framework/src/Illuminate/View/View.php(142): Illuminate\\View\\Engines\\CompilerEngine->get('/storage/ssd4/2...', Array)
#3 /storage/ssd4/232/7160232/public_html/vendor/laravel/framework/src/Illuminate/View/View.php(125): Illuminate\\View\\View->getContents()
#4 /storage/ssd4/232/7160232/public_html/vendor/laravel/framework/src/Illuminate/View/View.php(90): Illuminate\\View\\View->renderContents()
#5 /storage/ssd4/232/7160232/public_html/vendor/laravel/framework/src/Illuminate/Http/Response.php(42): Illuminate\\View\\View->render()
#6 /storage/ssd4/232/7160232/public_html/vendor/symfony/http-foundation/Response.php(202): Illuminate\\Http\\Response->setContent(Object(Illuminate\\View\\View))
#7 /storage/ssd4/232/7160232/public_html/vendor/laravel/framework/src/Illuminate/Routing/ResponseFactory.php(55): Symfony\\Component\\HttpFoundation\\Response->__construct(Object(Illuminate\\View\\View), 500, Array)
#8 /storage/ssd4/232/7160232/public_html/vendor/laravel/framework/src/Illuminate/Routing/ResponseFactory.php(81): Illuminate\\Routing\\ResponseFactory->make(Object(Illuminate\\View\\View), 500, Array)
#9 /storage/ssd4/232/7160232/public_html/vendor/laravel/framework/src/Illuminate/Foundation/Exceptions/Handler.php(380): Illuminate\\Routing\\ResponseFactory->view('errors::500', Array, 500, Array)
#10 /storage/ssd4/232/7160232/public_html/vendor/laravel/framework/src/Illuminate/Foundation/Exceptions/Handler.php(289): Illuminate\\Foundation\\Exceptions\\Handler->renderHttpException(Object(Symfony\\Component\\HttpKernel\\Exception\\HttpException))
#11 /storage/ssd4/232/7160232/public_html/vendor/laravel/framework/src/Illuminate/Foundation/Exceptions/Handler.php(188): Illuminate\\Foundation\\Exceptions\\Handler->prepareResponse(Object(Illuminate\\Http\\Request), Object(Symfony\\Component\\HttpKernel\\Exception\\HttpException))
#12 /storage/ssd4/232/7160232/public_html/app/Exceptions/Handler.php(49): Illuminate\\Foundation\\Exceptions\\Handler->render(Object(Illuminate\\Http\\Request), Object(ErrorException))
#13 /storage/ssd4/232/7160232/public_html/vendor/laravel/framework/src/Illuminate/Foundation/Http/Kernel.php(326): App\\Exceptions\\Handler->render(Object(Illuminate\\Http\\Request), Object(ErrorException))
#14 /storage/ssd4/232/7160232/public_html/vendor/laravel/framework/src/Illuminate/Foundation/Http/Kernel.php(120): Illuminate\\Foundation\\Http\\Kernel->renderException(Object(Illuminate\\Http\\Request), Object(ErrorException))
#15 /storage/ssd4/232/7160232/public_html/public/index.php(55): Illuminate\\Foundation\\Http\\Kernel->handle(Object(Illuminate\\Http\\Request))
#16 /storage/ssd4/232/7160232/public_html/index.php(21): require_once('/storage/ssd4/2...')
#17 {main}
"} 
[2018-09-24 13:42:11] production.ERROR: Uncaught PDOException: SQLSTATE[HY000] [2002] Connection refused in /storage/ssd4/232/7160232/public_html/vendor/laravel/framework/src/Illuminate/Database/Connectors/Connector.php:68
Stack trace:
#0 /storage/ssd4/232/7160232/public_html/vendor/laravel/framework/src/Illuminate/Database/Connectors/Connector.php(68): PDO->__construct('mysql:host=127....', 'forge', '', Array)
#1 /storage/ssd4/232/7160232/public_html/vendor/laravel/framework/src/Illuminate/Database/Connectors/Connector.php(44): Illuminate\Database\Connectors\Connector->createPdoConnection('mysql:host=127....', 'forge', '', Array)
#2 /storage/ssd4/232/7160232/public_html/vendor/laravel/framework/src/Illuminate/Database/Connectors/MySqlConnector.php(24): Illuminate\Database\Connectors\Connector->createConnection('mysql:host=127....', Array, Array)
#3 /storage/ssd4/232/7160232/public_html/vendor/laravel/framework/src/Illuminate/Database/Connectors/ConnectionFactory.php(182): Illuminate\Database\Connectors\MySqlConnector->connect(Array)
#4 [internal f {"exception":"[object] (Symfony\\Component\\Debug\\Exception\\FatalErrorException(code: 1): Uncaught PDOException: SQLSTATE[HY000] [2002] Connection refused in /storage/ssd4/232/7160232/public_html/vendor/laravel/framework/src/Illuminate/Database/Connectors/Connector.php:68
Stack trace:
#0 /storage/ssd4/232/7160232/public_html/vendor/laravel/framework/src/Illuminate/Database/Connectors/Connector.php(68): PDO->__construct('mysql:host=127....', 'forge', '', Array)
#1 /storage/ssd4/232/7160232/public_html/vendor/laravel/framework/src/Illuminate/Database/Connectors/Connector.php(44): Illuminate\\Database\\Connectors\\Connector->createPdoConnection('mysql:host=127....', 'forge', '', Array)
#2 /storage/ssd4/232/7160232/public_html/vendor/laravel/framework/src/Illuminate/Database/Connectors/MySqlConnector.php(24): Illuminate\\Database\\Connectors\\Connector->createConnection('mysql:host=127....', Array, Array)
#3 /storage/ssd4/232/7160232/public_html/vendor/laravel/framework/src/Illuminate/Database/Connectors/ConnectionFactory.php(182): Illuminate\\Database\\Connectors\\MySqlConnector->connect(Array)
#4 [internal f at /storage/ssd4/232/7160232/public_html/vendor/laravel/framework/src/Illuminate/Database/Connection.php:664)
[stacktrace]
#0 {main}
"} 
